<?xml version="1.0" encoding="UTF-8"?>
<!-- Generated by org.testng.reporters.JUnitXMLReporter -->
<testsuite ignored="0" hostname="LAPTOP-10U52Q9I" failures="0" tests="6" name="Default test" time="13.09" errors="0" timestamp="2023-09-24T16:20:39 SGT">
  <testcase classname="api.test.DDTests" name="testPostUser" time="4.534"/>
  <testcase classname="api.test.DDTests" name="testPostUser" time="1.406"/>
  <testcase classname="api.test.DDTests" name="testPostUser" time="1.42"/>
  <testcase classname="api.test.DDTests" name="testDeleteUserByName" time="1.499"/>
  <testcase classname="api.test.DDTests" name="testDeleteUserByName" time="1.254"/>
  <testcase classname="api.test.DDTests" name="testDeleteUserByName" time="1.276"/>
</testsuite> <!-- Default test -->
