<?xml version="1.0" encoding="UTF-8"?>
<!-- Generated by org.testng.reporters.JUnitXMLReporter -->
<testsuite ignored="0" hostname="LAPTOP-10U52Q9I" failures="0" tests="4" name="Default test" time="10.488" errors="0" timestamp="2023-09-27T12:55:15 SGT">
  <testcase classname="api.test.userTest" name="testPostUser" time="5.008"/>
  <testcase classname="api.test.userTest" name="testGetUser" time="1.368"/>
  <testcase classname="api.test.userTest" name="test_UpdateUser" time="2.568"/>
  <testcase classname="api.test.userTest" name="testDeleteUser" time="1.181"/>
</testsuite> <!-- Default test -->
