<?xml version="1.0" encoding="UTF-8"?>
<testng-results ignored="0" total="7" passed="7" failed="0" skipped="0">
  <reporter-output>
  </reporter-output>
  <suite started-at="2023-11-28T11:24:08 SGT" name="PetSuite" finished-at="2023-11-28T11:24:25 SGT" duration-ms="16510">
    <groups>
    </groups>
    <test started-at="2023-11-28T11:24:08 SGT" name="PetTests" finished-at="2023-11-28T11:24:25 SGT" duration-ms="16510">
      <class name="api.test.storeTest">
        <test-method signature="createorder()[pri:1, instance:api.test.storeTest@4c6daf0]" started-at="2023-11-28T11:24:21 SGT" name="createorder" finished-at="2023-11-28T11:24:23 SGT" duration-ms="1090" status="PASS">
          <reporter-output>
          </reporter-output>
        </test-method> <!-- createorder -->
        <test-method signature="getorder()[pri:2, instance:api.test.storeTest@4c6daf0]" started-at="2023-11-28T11:24:23 SGT" name="getorder" finished-at="2023-11-28T11:24:24 SGT" duration-ms="1047" status="PASS">
          <reporter-output>
          </reporter-output>
        </test-method> <!-- getorder -->
        <test-method signature="getorderInventory()[pri:3, instance:api.test.storeTest@4c6daf0]" started-at="2023-11-28T11:24:24 SGT" name="getorderInventory" finished-at="2023-11-28T11:24:25 SGT" duration-ms="1062" status="PASS">
          <reporter-output>
          </reporter-output>
        </test-method> <!-- getorderInventory -->
      </class> <!-- api.test.storeTest -->
      <class name="api.test.userTest">
        <test-method is-config="true" signature="setupUserData()[pri:0, instance:api.test.userTest@39dcf4b0]" started-at="2023-11-28T11:24:09 SGT" name="setupUserData" finished-at="2023-11-28T11:24:09 SGT" duration-ms="523" status="PASS">
          <reporter-output>
          </reporter-output>
        </test-method> <!-- setupUserData -->
        <test-method signature="testPostUser()[pri:1, instance:api.test.userTest@39dcf4b0]" started-at="2023-11-28T11:24:09 SGT" name="testPostUser" finished-at="2023-11-28T11:24:16 SGT" duration-ms="6993" status="PASS">
          <reporter-output>
          </reporter-output>
        </test-method> <!-- testPostUser -->
        <test-method signature="testGetUser()[pri:2, instance:api.test.userTest@39dcf4b0]" started-at="2023-11-28T11:24:17 SGT" name="testGetUser" finished-at="2023-11-28T11:24:18 SGT" duration-ms="1237" status="PASS">
          <reporter-output>
          </reporter-output>
        </test-method> <!-- testGetUser -->
        <test-method signature="test_UpdateUser()[pri:3, instance:api.test.userTest@39dcf4b0]" started-at="2023-11-28T11:24:18 SGT" name="test_UpdateUser" finished-at="2023-11-28T11:24:20 SGT" duration-ms="2276" status="PASS">
          <reporter-output>
          </reporter-output>
        </test-method> <!-- test_UpdateUser -->
        <test-method signature="testDeleteUser()[pri:4, instance:api.test.userTest@39dcf4b0]" started-at="2023-11-28T11:24:20 SGT" name="testDeleteUser" finished-at="2023-11-28T11:24:21 SGT" duration-ms="1033" status="PASS">
          <reporter-output>
          </reporter-output>
        </test-method> <!-- testDeleteUser -->
      </class> <!-- api.test.userTest -->
    </test> <!-- PetTests -->
  </suite> <!-- PetSuite -->
</testng-results>
