<?xml version="1.0" encoding="UTF-8"?>
<testng-results ignored="0" total="7" passed="7" failed="0" skipped="0">
  <reporter-output>
  </reporter-output>
  <suite started-at="2023-09-24T15:36:08 SGT" name="PetSuite" finished-at="2023-09-24T15:36:24 SGT" duration-ms="15124">
    <groups>
    </groups>
    <test started-at="2023-09-24T15:36:08 SGT" name="PetTests" finished-at="2023-09-24T15:36:24 SGT" duration-ms="15124">
      <class name="api.test.storeTest">
        <test-method signature="createorder()[pri:1, instance:api.test.storeTest@1991f767]" started-at="2023-09-24T15:36:19 SGT" name="createorder" finished-at="2023-09-24T15:36:21 SGT" duration-ms="1429" status="PASS">
          <reporter-output>
          </reporter-output>
        </test-method> <!-- createorder -->
        <test-method signature="getorder()[pri:2, instance:api.test.storeTest@1991f767]" started-at="2023-09-24T15:36:21 SGT" name="getorder" finished-at="2023-09-24T15:36:22 SGT" duration-ms="1323" status="PASS">
          <reporter-output>
          </reporter-output>
        </test-method> <!-- getorder -->
        <test-method signature="getorderInventory()[pri:3, instance:api.test.storeTest@1991f767]" started-at="2023-09-24T15:36:22 SGT" name="getorderInventory" finished-at="2023-09-24T15:36:24 SGT" duration-ms="1647" status="PASS">
          <reporter-output>
          </reporter-output>
        </test-method> <!-- getorderInventory -->
      </class> <!-- api.test.storeTest -->
      <class name="api.test.userTest">
        <test-method is-config="true" signature="setupUserData()[pri:0, instance:api.test.userTest@59d2103b]" started-at="2023-09-24T15:36:09 SGT" name="setupUserData" finished-at="2023-09-24T15:36:09 SGT" duration-ms="203" status="PASS">
          <reporter-output>
          </reporter-output>
        </test-method> <!-- setupUserData -->
        <test-method signature="testPostUser()[pri:1, instance:api.test.userTest@59d2103b]" started-at="2023-09-24T15:36:09 SGT" name="testPostUser" finished-at="2023-09-24T15:36:13 SGT" duration-ms="4480" status="PASS">
          <reporter-output>
          </reporter-output>
        </test-method> <!-- testPostUser -->
        <test-method signature="testGetUser()[pri:2, instance:api.test.userTest@59d2103b]" started-at="2023-09-24T15:36:14 SGT" name="testGetUser" finished-at="2023-09-24T15:36:15 SGT" duration-ms="1448" status="PASS">
          <reporter-output>
          </reporter-output>
        </test-method> <!-- testGetUser -->
        <test-method signature="test_UpdateUser()[pri:3, instance:api.test.userTest@59d2103b]" started-at="2023-09-24T15:36:15 SGT" name="test_UpdateUser" finished-at="2023-09-24T15:36:18 SGT" duration-ms="2832" status="PASS">
          <reporter-output>
          </reporter-output>
        </test-method> <!-- test_UpdateUser -->
        <test-method signature="testDeleteUser()[pri:4, instance:api.test.userTest@59d2103b]" started-at="2023-09-24T15:36:18 SGT" name="testDeleteUser" finished-at="2023-09-24T15:36:19 SGT" duration-ms="1294" status="PASS">
          <reporter-output>
          </reporter-output>
        </test-method> <!-- testDeleteUser -->
      </class> <!-- api.test.userTest -->
    </test> <!-- PetTests -->
  </suite> <!-- PetSuite -->
</testng-results>
