<?xml version="1.0" encoding="UTF-8"?>
<!-- Generated by org.testng.reporters.JUnitXMLReporter -->
<testsuite ignored="0" hostname="LAPTOP-10U52Q9I" failures="0" tests="7" name="Command line test" time="15.701" errors="0" timestamp="2023-09-24T13:28:56 SGT">
  <testcase classname="api.test.userTest" name="testPostUser" time="3.975"/>
  <testcase classname="api.test.userTest" name="testGetUser" time="1.468"/>
  <testcase classname="api.test.userTest" name="test_UpdateUser" time="4.011"/>
  <testcase classname="api.test.userTest" name="testDeleteUser" time="1.33"/>
  <testcase classname="api.test.storeTest" name="createorder" time="1.562"/>
  <testcase classname="api.test.storeTest" name="getorder" time="1.429"/>
  <testcase classname="api.test.storeTest" name="getorderInventory" time="1.253"/>
</testsuite> <!-- Command line test -->
