<?xml version="1.0" encoding="UTF-8"?>
<!-- Generated by org.testng.reporters.JUnitXMLReporter -->
<testsuite ignored="0" hostname="LAPTOP-10U52Q9I" failures="0" tests="7" name="Command line test" time="17.601" errors="0" timestamp="2023-09-30T15:49:12 SGT">
  <testcase classname="api.test.userTest" name="testPostUser" time="5.878"/>
  <testcase classname="api.test.userTest" name="testGetUser" time="1.529"/>
  <testcase classname="api.test.userTest" name="test_UpdateUser" time="3.007"/>
  <testcase classname="api.test.userTest" name="testDeleteUser" time="1.461"/>
  <testcase classname="api.test.storeTest" name="createorder" time="1.443"/>
  <testcase classname="api.test.storeTest" name="getorder" time="1.62"/>
  <testcase classname="api.test.storeTest" name="getorderInventory" time="1.428"/>
</testsuite> <!-- Command line test -->
