<?xml version="1.0" encoding="UTF-8"?>
<testng-results ignored="0" total="7" passed="7" failed="0" skipped="0">
  <reporter-output>
  </reporter-output>
  <suite started-at="2023-10-02T22:42:27 SGT" name="PetSuite" finished-at="2023-10-02T22:42:44 SGT" duration-ms="17735">
    <groups>
    </groups>
    <test started-at="2023-10-02T22:42:27 SGT" name="PetTests" finished-at="2023-10-02T22:42:44 SGT" duration-ms="17735">
      <class name="api.test.storeTest">
        <test-method signature="createorder()[pri:1, instance:api.test.storeTest@5f59185e]" started-at="2023-10-02T22:42:40 SGT" name="createorder" finished-at="2023-10-02T22:42:42 SGT" duration-ms="1638" status="PASS">
          <reporter-output>
          </reporter-output>
        </test-method> <!-- createorder -->
        <test-method signature="getorder()[pri:2, instance:api.test.storeTest@5f59185e]" started-at="2023-10-02T22:42:42 SGT" name="getorder" finished-at="2023-10-02T22:42:43 SGT" duration-ms="1329" status="PASS">
          <reporter-output>
          </reporter-output>
        </test-method> <!-- getorder -->
        <test-method signature="getorderInventory()[pri:3, instance:api.test.storeTest@5f59185e]" started-at="2023-10-02T22:42:43 SGT" name="getorderInventory" finished-at="2023-10-02T22:42:44 SGT" duration-ms="1382" status="PASS">
          <reporter-output>
          </reporter-output>
        </test-method> <!-- getorderInventory -->
      </class> <!-- api.test.storeTest -->
      <class name="api.test.userTest">
        <test-method is-config="true" signature="setupUserData()[pri:0, instance:api.test.userTest@34645867]" started-at="2023-10-02T22:42:27 SGT" name="setupUserData" finished-at="2023-10-02T22:42:27 SGT" duration-ms="218" status="PASS">
          <reporter-output>
          </reporter-output>
        </test-method> <!-- setupUserData -->
        <test-method signature="testPostUser()[pri:1, instance:api.test.userTest@34645867]" started-at="2023-10-02T22:42:27 SGT" name="testPostUser" finished-at="2023-10-02T22:42:32 SGT" duration-ms="4681" status="PASS">
          <reporter-output>
          </reporter-output>
        </test-method> <!-- testPostUser -->
        <test-method signature="testGetUser()[pri:2, instance:api.test.userTest@34645867]" started-at="2023-10-02T22:42:32 SGT" name="testGetUser" finished-at="2023-10-02T22:42:35 SGT" duration-ms="3039" status="PASS">
          <reporter-output>
          </reporter-output>
        </test-method> <!-- testGetUser -->
        <test-method signature="test_UpdateUser()[pri:3, instance:api.test.userTest@34645867]" started-at="2023-10-02T22:42:35 SGT" name="test_UpdateUser" finished-at="2023-10-02T22:42:39 SGT" duration-ms="3550" status="PASS">
          <reporter-output>
          </reporter-output>
        </test-method> <!-- test_UpdateUser -->
        <test-method signature="testDeleteUser()[pri:4, instance:api.test.userTest@34645867]" started-at="2023-10-02T22:42:39 SGT" name="testDeleteUser" finished-at="2023-10-02T22:42:40 SGT" duration-ms="1424" status="PASS">
          <reporter-output>
          </reporter-output>
        </test-method> <!-- testDeleteUser -->
      </class> <!-- api.test.userTest -->
    </test> <!-- PetTests -->
  </suite> <!-- PetSuite -->
</testng-results>
