<?xml version="1.0" encoding="UTF-8"?>
<testng-results ignored="0" total="4" passed="4" failed="0" skipped="0">
  <reporter-output>
  </reporter-output>
  <suite started-at="2024-01-08T10:18:12 SGT" name="Default suite" finished-at="2024-01-08T10:18:21 SGT" duration-ms="9409">
    <groups>
    </groups>
    <test started-at="2024-01-08T10:18:12 SGT" name="Default test" finished-at="2024-01-08T10:18:21 SGT" duration-ms="9409">
      <class name="api.test.userTest">
        <test-method is-config="true" signature="setupUserData()[pri:0, instance:api.test.userTest@b672aa8]" started-at="2024-01-08T10:18:12 SGT" name="setupUserData" finished-at="2024-01-08T10:18:12 SGT" duration-ms="372" status="PASS">
          <reporter-output>
          </reporter-output>
        </test-method> <!-- setupUserData -->
        <test-method signature="testPostUser()[pri:1, instance:api.test.userTest@b672aa8]" started-at="2024-01-08T10:18:12 SGT" name="testPostUser" finished-at="2024-01-08T10:18:17 SGT" duration-ms="4341" status="PASS">
          <reporter-output>
          </reporter-output>
        </test-method> <!-- testPostUser -->
        <test-method signature="testGetUser()[pri:2, instance:api.test.userTest@b672aa8]" started-at="2024-01-08T10:18:17 SGT" name="testGetUser" finished-at="2024-01-08T10:18:18 SGT" duration-ms="1224" status="PASS">
          <reporter-output>
          </reporter-output>
        </test-method> <!-- testGetUser -->
        <test-method signature="test_UpdateUser()[pri:3, instance:api.test.userTest@b672aa8]" started-at="2024-01-08T10:18:18 SGT" name="test_UpdateUser" finished-at="2024-01-08T10:18:20 SGT" duration-ms="2296" status="PASS">
          <reporter-output>
          </reporter-output>
        </test-method> <!-- test_UpdateUser -->
        <test-method signature="testDeleteUser()[pri:4, instance:api.test.userTest@b672aa8]" started-at="2024-01-08T10:18:20 SGT" name="testDeleteUser" finished-at="2024-01-08T10:18:21 SGT" duration-ms="1087" status="PASS">
          <reporter-output>
          </reporter-output>
        </test-method> <!-- testDeleteUser -->
      </class> <!-- api.test.userTest -->
    </test> <!-- Default test -->
  </suite> <!-- Default suite -->
</testng-results>
