<?xml version="1.0" encoding="UTF-8"?>
<!-- Generated by org.testng.reporters.JUnitXMLReporter -->
<testsuite ignored="0" hostname="LAPTOP-10U52Q9I" failures="0" tests="7" name="PetTests" time="18.41" errors="0" timestamp="2023-10-04T14:34:49 SGT">
  <testcase classname="api.test.userTest" name="testPostUser" time="5.997"/>
  <testcase classname="api.test.userTest" name="testGetUser" time="1.475"/>
  <testcase classname="api.test.userTest" name="test_UpdateUser" time="2.875"/>
  <testcase classname="api.test.userTest" name="testDeleteUser" time="2.077"/>
  <testcase classname="api.test.storeTest" name="createorder" time="1.523"/>
  <testcase classname="api.test.storeTest" name="getorder" time="1.509"/>
  <testcase classname="api.test.storeTest" name="getorderInventory" time="1.349"/>
</testsuite> <!-- PetTests -->
