<?xml version="1.0" encoding="UTF-8"?>
<!-- Generated by org.testng.reporters.JUnitXMLReporter -->
<testsuite ignored="0" hostname="LAPTOP-10U52Q9I" failures="0" tests="7" name="PetTests" time="16.51" errors="0" timestamp="2023-11-28T11:24:25 SGT">
  <testcase classname="api.test.userTest" name="testPostUser" time="6.993"/>
  <testcase classname="api.test.userTest" name="testGetUser" time="1.237"/>
  <testcase classname="api.test.userTest" name="test_UpdateUser" time="2.276"/>
  <testcase classname="api.test.userTest" name="testDeleteUser" time="1.033"/>
  <testcase classname="api.test.storeTest" name="createorder" time="1.09"/>
  <testcase classname="api.test.storeTest" name="getorder" time="1.047"/>
  <testcase classname="api.test.storeTest" name="getorderInventory" time="1.062"/>
</testsuite> <!-- PetTests -->
