<?xml version="1.0" encoding="UTF-8"?>
<!-- Generated by org.testng.reporters.JUnitXMLReporter -->
<testsuite ignored="0" hostname="LAPTOP-10U52Q9I" failures="0" tests="7" name="PetTests" time="17.735" errors="0" timestamp="2023-10-02T22:42:45 SGT">
  <testcase classname="api.test.userTest" name="testPostUser" time="4.681"/>
  <testcase classname="api.test.userTest" name="testGetUser" time="3.039"/>
  <testcase classname="api.test.userTest" name="test_UpdateUser" time="3.55"/>
  <testcase classname="api.test.userTest" name="testDeleteUser" time="1.424"/>
  <testcase classname="api.test.storeTest" name="createorder" time="1.638"/>
  <testcase classname="api.test.storeTest" name="getorder" time="1.329"/>
  <testcase classname="api.test.storeTest" name="getorderInventory" time="1.382"/>
</testsuite> <!-- PetTests -->
